Build started 3/3/2016 10:45:28 PM.
     1>Project "C:\Users\Darrus\Desktop\SP-2 Framework\Zyzrag\Zyzrag.vcxproj" on node 2 (Build target(s)).
     1>Link:
         D:\Program Files (x86)\Microsoft Visual Studio 12.0\VC\bin\link.exe /ERRORREPORT:PROMPT /OUT:"C:\Users\Darrus\Desktop\SP-2 Framework\Release\Zyzrag.exe" /INCREMENTAL:NO /NOLOGO /LIBPATH:"C:\Users\Darrus\Desktop\SP-2 Framework\\glew\lib" /LIBPATH:"C:\Users\Darrus\Desktop\SP-2 Framework\\glfw\lib-msvc120" /LIBPATH:"C:\Users\Darrus\Desktop\SP-2 Framework\Release" /LIBPATH:"C:\Users\Darrus\Desktop\SP-2 Framework\\Irrklang\lib" glew32.lib glu32.lib glfw3.lib opengl32.lib winmm.lib Common.lib irrKlang.lib kernel32.lib user32.lib gdi32.lib winspool.lib comdlg32.lib advapi32.lib shell32.lib ole32.lib oleaut32.lib uuid.lib odbc32.lib odbccp32.lib /MANIFEST /MANIFESTUAC:"level='asInvoker' uiAccess='false'" /manifest:embed /DEBUG /PDB:"C:\Users\Darrus\Desktop\SP-2 Framework\Release\Zyzrag.pdb" /SUBSYSTEM:CONSOLE /OPT:REF /OPT:ICF /LTCG /TLBID:1 /DYNAMICBASE /NXCOMPAT /IMPLIB:"C:\Users\Darrus\Desktop\SP-2 Framework\Release\Zyzrag.lib" /MACHINE:X86 /SAFESEH Release\AABB.obj
         Release\Application.obj
         Release\Asteroid.obj
         Release\Bullet.obj
         Release\Camera.obj
         Release\Explosion.obj
         Release\LoadOBJ.obj
         Release\LoadTGA.obj
         Release\main.obj
         Release\Mesh.obj
         Release\MeshBuilder.obj
         Release\MousePicker.obj
         Release\NPC.obj
         Release\Object.obj
         Release\pathFinding.obj
         Release\PlayerVehicle.obj
         Release\shader.obj
         Release\Shop.obj
         Release\SP2.obj
         Release\Utility.obj
         Release\Vehicles.obj
         Release\Wave.obj
         Generating code
         Finished generating code
         Zyzrag.vcxproj -> C:\Users\Darrus\Desktop\SP-2 Framework\Release\Zyzrag.exe
     1>Done Building Project "C:\Users\Darrus\Desktop\SP-2 Framework\Zyzrag\Zyzrag.vcxproj" (Build target(s)).

Build succeeded.

Time Elapsed 00:00:02.44
